#
# There is insufficient memory for the Java Runtime Environment to continue.
# Native memory allocation (malloc) failed to allocate 98256 bytes for Chunk::new
# Possible reasons:
#   The system is out of physical RAM or swap space
#   The process is running with CompressedOops enabled, and the Java Heap may be blocking the growth of the native heap
# Possible solutions:
#   Reduce memory load on the system
#   Increase physical memory or swap space
#   Check if swap backing store is full
#   Decrease Java heap size (-Xmx/-Xms)
#   Decrease number of Java threads
#   Decrease Java thread stack sizes (-Xss)
#   Set larger code cache with -XX:ReservedCodeCacheSize=
#   JVM is running with Unscaled Compressed Oops mode in which the Java heap is
#     placed in the first 4GB address space. The Java Heap base address is the
#     maximum limit for the native heap growth. Please use -XX:HeapBaseMinAddress
#     to set the Java Heap base and to place the Java Heap above 4GB virtual address.
# This output file may be truncated or incomplete.
#
#  Out of Memory Error (arena.cpp:184), pid=14340, tid=18628
#
# JRE version: Java(TM) SE Runtime Environment (18.0.2.1+1) (build 18.0.2.1+1-1)
# Java VM: Java HotSpot(TM) 64-Bit Server VM (18.0.2.1+1-1, mixed mode, sharing, tiered, compressed oops, compressed class ptrs, g1 gc, windows-amd64)
# No core dump will be written. Minidumps are not enabled by default on client versions of Windows
#

---------------  S U M M A R Y ------------

Command Line: -Dfile.encoding=UTF-8 -XX:+ShowCodeDetailsInExceptionMessages com.example.kushi.KushiApplication

Host: 11th Gen Intel(R) Core(TM) i3-1115G4 @ 3.00GHz, 4 cores, 7G,  Windows 11 , 64 bit Build 22621 (10.0.22621.4391)
Time: Mon Dec 30 14:01:15 2024 India Standard Time elapsed time: 4468.623126 seconds (0d 1h 14m 28s)

---------------  T H R E A D  ---------------

Current thread (0x000002b6dea04870):  JavaThread "C2 CompilerThread1" daemon [_thread_in_native, id=18628, stack(0x000000bcaaf00000,0x000000bcab000000)]


Current CompileTask:
C2:4468623 6761       4       java.security.Provider$ServiceKey::hashCode (19 bytes)

Stack: [0x000000bcaaf00000,0x000000bcab000000]
Native frames: (J=compiled Java code, j=interpreted, Vv=VM code, C=native code)
V  [jvm.dll+0x6993aa]
V  [jvm.dll+0x7f46dd]
V  [jvm.dll+0x7f5fee]
V  [jvm.dll+0x7f66a3]
V  [jvm.dll+0x25cf1f]
V  [jvm.dll+0xb8c2f]
V  [jvm.dll+0xb8fa5]
V  [jvm.dll+0x2c7e2f]
V  [jvm.dll+0x5a0d8e]
V  [jvm.dll+0x2388de]
V  [jvm.dll+0x231ea5]
V  [jvm.dll+0x22f3cb]
V  [jvm.dll+0x1ba01c]
V  [jvm.dll+0x23ee0a]
V  [jvm.dll+0x23d0f5]
V  [jvm.dll+0x7a6dd1]
V  [jvm.dll+0x7a120a]
V  [jvm.dll+0x698255]
C  [ucrtbase.dll+0x29333]
C  [KERNEL32.DLL+0x1259d]
C  [ntdll.dll+0x5af38]


---------------  P R O C E S S  ---------------

Threads class SMR info:
_java_thread_list=0x000002b6dd997530, length=34, elements={
0x000002b6d8e99210, 0x000002b6d8e9c6c0, 0x000002b6d8eb5f80, 0x000002b6d8eb6830,
0x000002b6d8eb7970, 0x000002b6d8eba320, 0x000002b6d8ebb790, 0x000002b6d8ecb950,
0x000002b6d8edd5e0, 0x000002b6dd1a26b0, 0x000002b6dd1ad370, 0x000002b6df773b90,
0x000002b6df774060, 0x000002b6df774a00, 0x000002b6df775d40, 0x000002b6df774ed0,
0x000002b6df7753a0, 0x000002b6df775870, 0x000002b6df7731f0, 0x000002b6df776210,
0x000002b6df7736c0, 0x000002b6df774530, 0x000002b6dd6367e0, 0x000002b6dd631ae0,
0x000002b6dd631140, 0x000002b6dd631610, 0x000002b6dd636310, 0x000002b6dd635e40,
0x000002b6dd6307a0, 0x000002b6dd631fb0, 0x000002b6dd630c70, 0x000002b6dd6302d0,
0x000002b6dd637180, 0x000002b6dea04870
}

Java Threads: ( => current thread )
  0x000002b6d8e99210 JavaThread "Reference Handler" daemon [_thread_blocked, id=17912, stack(0x000000bcaa300000,0x000000bcaa400000)]
  0x000002b6d8e9c6c0 JavaThread "Finalizer" daemon [_thread_blocked, id=1020, stack(0x000000bcaa400000,0x000000bcaa500000)]
  0x000002b6d8eb5f80 JavaThread "Signal Dispatcher" daemon [_thread_blocked, id=14720, stack(0x000000bcaa500000,0x000000bcaa600000)]
  0x000002b6d8eb6830 JavaThread "Attach Listener" daemon [_thread_blocked, id=6792, stack(0x000000bcaa600000,0x000000bcaa700000)]
  0x000002b6d8eb7970 JavaThread "Service Thread" daemon [_thread_blocked, id=17192, stack(0x000000bcaa700000,0x000000bcaa800000)]
  0x000002b6d8eba320 JavaThread "Monitor Deflation Thread" daemon [_thread_blocked, id=17600, stack(0x000000bcaa800000,0x000000bcaa900000)]
  0x000002b6d8ebb790 JavaThread "C2 CompilerThread0" daemon [_thread_blocked, id=11260, stack(0x000000bcaa900000,0x000000bcaaa00000)]
  0x000002b6d8ecb950 JavaThread "C1 CompilerThread0" daemon [_thread_blocked, id=17244, stack(0x000000bcaaa00000,0x000000bcaab00000)]
  0x000002b6d8edd5e0 JavaThread "Sweeper thread" daemon [_thread_blocked, id=2888, stack(0x000000bcaab00000,0x000000bcaac00000)]
  0x000002b6dd1a26b0 JavaThread "Notification Thread" daemon [_thread_blocked, id=16640, stack(0x000000bcaac00000,0x000000bcaad00000)]
  0x000002b6dd1ad370 JavaThread "Common-Cleaner" daemon [_thread_blocked, id=13796, stack(0x000000bcaae00000,0x000000bcaaf00000)]
  0x000002b6df773b90 JavaThread "Catalina-utility-1" [_thread_in_Java, id=10512, stack(0x000000bcab700000,0x000000bcab800000)]
  0x000002b6df774060 JavaThread "Catalina-utility-2" [_thread_in_Java, id=15776, stack(0x000000bcab800000,0x000000bcab900000)]
  0x000002b6df774a00 JavaThread "container-0" [_thread_blocked, id=5808, stack(0x000000bcab900000,0x000000bcaba00000)]
  0x000002b6df775d40 JavaThread "mysql-cj-abandoned-connection-cleanup" daemon [_thread_blocked, id=6124, stack(0x000000bcaba00000,0x000000bcabb00000)]
  0x000002b6df774ed0 JavaThread "HikariPool-1 housekeeper" daemon [_thread_blocked, id=15660, stack(0x000000bcabc00000,0x000000bcabd00000)]
  0x000002b6df7753a0 JavaThread "File Watcher" daemon [_thread_blocked, id=12164, stack(0x000000bcabe00000,0x000000bcabf00000)]
  0x000002b6df775870 JavaThread "Live Reload Server" daemon [_thread_in_native, id=19592, stack(0x000000bcac000000,0x000000bcac100000)]
  0x000002b6df7731f0 JavaThread "http-nio-8080-exec-1" daemon [_thread_blocked, id=12952, stack(0x000000bcabf00000,0x000000bcac000000)]
  0x000002b6df776210 JavaThread "http-nio-8080-exec-2" daemon [_thread_blocked, id=6228, stack(0x000000bcac100000,0x000000bcac200000)]
  0x000002b6df7736c0 JavaThread "http-nio-8080-exec-3" daemon [_thread_blocked, id=20844, stack(0x000000bcac200000,0x000000bcac300000)]
  0x000002b6df774530 JavaThread "http-nio-8080-exec-4" daemon [_thread_blocked, id=17524, stack(0x000000bcac300000,0x000000bcac400000)]
  0x000002b6dd6367e0 JavaThread "http-nio-8080-exec-5" daemon [_thread_blocked, id=7228, stack(0x000000bcac400000,0x000000bcac500000)]
  0x000002b6dd631ae0 JavaThread "http-nio-8080-exec-6" daemon [_thread_blocked, id=10156, stack(0x000000bcac500000,0x000000bcac600000)]
  0x000002b6dd631140 JavaThread "http-nio-8080-exec-7" daemon [_thread_blocked, id=22480, stack(0x000000bcac600000,0x000000bcac700000)]
  0x000002b6dd631610 JavaThread "http-nio-8080-exec-8" daemon [_thread_blocked, id=9064, stack(0x000000bcac700000,0x000000bcac800000)]
  0x000002b6dd636310 JavaThread "http-nio-8080-exec-9" daemon [_thread_blocked, id=11864, stack(0x000000bcac800000,0x000000bcac900000)]
  0x000002b6dd635e40 JavaThread "http-nio-8080-exec-10" daemon [_thread_blocked, id=12552, stack(0x000000bcac900000,0x000000bcaca00000)]
  0x000002b6dd6307a0 JavaThread "http-nio-8080-Poller" daemon [_thread_in_native, id=15400, stack(0x000000bcaca00000,0x000000bcacb00000)]
  0x000002b6dd631fb0 JavaThread "http-nio-8080-Acceptor" daemon [_thread_in_native, id=19036, stack(0x000000bcacb00000,0x000000bcacc00000)]
  0x000002b6dd630c70 JavaThread "DestroyJavaVM" [_thread_blocked, id=12904, stack(0x000000bca9c00000,0x000000bca9d00000)]
  0x000002b6dd6302d0 JavaThread "HikariPool-1 connection closer" daemon [_thread_blocked, id=15216, stack(0x000000bca9900000,0x000000bca9a00000)]
  0x000002b6dd637180 JavaThread "HikariPool-1 connection adder" daemon [_thread_blocked, id=12576, stack(0x000000bca9a00000,0x000000bca9b00000)]
=>0x000002b6dea04870 JavaThread "C2 CompilerThread1" daemon [_thread_in_native, id=18628, stack(0x000000bcaaf00000,0x000000bcab000000)]

Other Threads:
  0x000002b6bb7dc990 VMThread "VM Thread" [stack: 0x000000bcaa200000,0x000000bcaa300000] [id=400]
  0x000002b6d8f4ec10 WatcherThread "VM Periodic Task Thread" [stack: 0x000000bcaad00000,0x000000bcaae00000] [id=15704]
  0x000002b6bb7bd000 WorkerThread "GC Thread#0" [stack: 0x000000bca9d00000,0x000000bca9e00000] [id=5624]
  0x000002b6dd8aa9c0 WorkerThread "GC Thread#1" [stack: 0x000000bcab000000,0x000000bcab100000] [id=19732]
  0x000002b6dd8ab310 WorkerThread "GC Thread#2" [stack: 0x000000bcab100000,0x000000bcab200000] [id=14504]
  0x000002b6dd8e2b60 WorkerThread "GC Thread#3" [stack: 0x000000bcab200000,0x000000bcab300000] [id=22080]
  0x000002b6bb7cd6f0 ConcurrentGCThread "G1 Main Marker" [stack: 0x000000bca9e00000,0x000000bca9f00000] [id=14816]
  0x000002b6bb7ce0e0 WorkerThread "G1 Conc#0" [stack: 0x000000bca9f00000,0x000000bcaa000000] [id=15936]
  0x000002b6bb80dd40 ConcurrentGCThread "G1 Refine#0" [stack: 0x000000bcaa000000,0x000000bcaa100000] [id=3900]
  0x000002b6dea3d950 ConcurrentGCThread "G1 Refine#1" [stack: 0x000000bcab500000,0x000000bcab600000] [id=14812]
  0x000002b6dea3dc20 ConcurrentGCThread "G1 Refine#2" [stack: 0x000000bcab600000,0x000000bcab700000] [id=18024]
  0x000002b6d8d52090 ConcurrentGCThread "G1 Service" [stack: 0x000000bcaa100000,0x000000bcaa200000] [id=6340]

Threads with active compile tasks:
C2 CompilerThread1  4468666 6761       4       java.security.Provider$ServiceKey::hashCode (19 bytes)

VM state: not at safepoint (normal execution)

VM Mutex/Monitor currently owned by a thread: None

Heap address: 0x0000000084200000, size: 1982 MB, Compressed Oops mode: 32-bit

CDS archive(s) mapped at: [0x0000000800000000-0x0000000800ba0000-0x0000000800ba0000), size 12189696, SharedBaseAddress: 0x0000000800000000, ArchiveRelocationMode: 0.
Compressed class space mapped at: 0x0000000800c00000-0x0000000840c00000, reserved size: 1073741824
Narrow klass base: 0x0000000800000000, Narrow klass shift: 0, Narrow klass range: 0x100000000

GC Precious Log:
 CardTable entry size: 512
 Card Set container configuration: InlinePtr #cards 5 size 8 Array Of Cards #cards 12 size 40 Howl #buckets 4 coarsen threshold 1843 Howl Bitmap #cards 512 size 80 coarsen threshold 460 Card regions per heap region 1 cards per card region 2048
 CPUs: 4 total, 4 available
 Memory: 7926M
 Large Page Support: Disabled
 NUMA Support: Disabled
 Compressed Oops: Enabled (32-bit)
 Heap Region Size: 1M
 Heap Min Capacity: 8M
 Heap Initial Capacity: 124M
 Heap Max Capacity: 1982M
 Pre-touch: Disabled
 Parallel Workers: 4
 Concurrent Workers: 1
 Concurrent Refinement Workers: 4
 Periodic GC: Disabled

Heap:
 garbage-first heap   total 92160K, used 51139K [0x0000000084200000, 0x0000000100000000)
  region size 1024K, 23 young (23552K), 2 survivors (2048K)
 Metaspace       used 72068K, committed 72768K, reserved 1114112K
  class space    used 9520K, committed 9856K, reserved 1048576K

Heap Regions: E=young(eden), S=young(survivor), O=old, HS=humongous(starts), HC=humongous(continues), CS=collection set, F=free, OA=open archive, CA=closed archive, TAMS=top-at-mark-start (previous, next)
|   0|0x0000000084200000, 0x0000000084300000, 0x0000000084300000|100%|HS|  |TAMS 0x0000000084300000, 0x0000000084200000| Complete 
|   1|0x0000000084300000, 0x0000000084400000, 0x0000000084400000|100%|HS|  |TAMS 0x0000000084400000, 0x0000000084300000| Complete 
|   2|0x0000000084400000, 0x0000000084500000, 0x0000000084500000|100%| O|  |TAMS 0x0000000084500000, 0x0000000084400000| Untracked 
|   3|0x0000000084500000, 0x00000000845ffff8, 0x0000000084600000| 99%| O|  |TAMS 0x00000000845ffff8, 0x0000000084500000| Untracked 
|   4|0x0000000084600000, 0x0000000084700000, 0x0000000084700000|100%| O|  |TAMS 0x0000000084700000, 0x0000000084600000| Untracked 
|   5|0x0000000084700000, 0x0000000084800000, 0x0000000084800000|100%| O|  |TAMS 0x0000000084800000, 0x0000000084700000| Untracked 
|   6|0x0000000084800000, 0x0000000084900000, 0x0000000084900000|100%| O|  |TAMS 0x0000000084900000, 0x0000000084800000| Untracked 
|   7|0x0000000084900000, 0x0000000084a00000, 0x0000000084a00000|100%| O|  |TAMS 0x0000000084a00000, 0x0000000084900000| Untracked 
|   8|0x0000000084a00000, 0x0000000084b00000, 0x0000000084b00000|100%| O|  |TAMS 0x0000000084b00000, 0x0000000084a00000| Untracked 
|   9|0x0000000084b00000, 0x0000000084c00000, 0x0000000084c00000|100%| O|  |TAMS 0x0000000084c00000, 0x0000000084b00000| Untracked 
|  10|0x0000000084c00000, 0x0000000084d00000, 0x0000000084d00000|100%| O|  |TAMS 0x0000000084d00000, 0x0000000084c00000| Untracked 
|  11|0x0000000084d00000, 0x0000000084e00000, 0x0000000084e00000|100%| O|  |TAMS 0x0000000084e00000, 0x0000000084d00000| Untracked 
|  12|0x0000000084e00000, 0x0000000084f00000, 0x0000000084f00000|100%| O|  |TAMS 0x0000000084f00000, 0x0000000084e00000| Untracked 
|  13|0x0000000084f00000, 0x0000000085000000, 0x0000000085000000|100%| O|  |TAMS 0x0000000085000000, 0x0000000084f00000| Untracked 
|  14|0x0000000085000000, 0x0000000085100000, 0x0000000085100000|100%| O|  |TAMS 0x0000000085100000, 0x0000000085000000| Untracked 
|  15|0x0000000085100000, 0x0000000085200000, 0x0000000085200000|100%| O|  |TAMS 0x0000000085200000, 0x0000000085100000| Untracked 
|  16|0x0000000085200000, 0x0000000085300000, 0x0000000085300000|100%| O|  |TAMS 0x0000000085200000, 0x0000000085200000| Untracked 
|  17|0x0000000085300000, 0x0000000085400000, 0x0000000085400000|100%| O|  |TAMS 0x0000000085400000, 0x0000000085300000| Untracked 
|  18|0x0000000085400000, 0x0000000085500000, 0x0000000085500000|100%| O|  |TAMS 0x0000000085500000, 0x0000000085400000| Untracked 
|  19|0x0000000085500000, 0x0000000085600000, 0x0000000085600000|100%| O|  |TAMS 0x0000000085600000, 0x0000000085500000| Untracked 
|  20|0x0000000085600000, 0x0000000085700000, 0x0000000085700000|100%| O|  |TAMS 0x0000000085700000, 0x0000000085600000| Untracked 
|  21|0x0000000085700000, 0x0000000085700000, 0x0000000085800000|  0%| F|  |TAMS 0x0000000085700000, 0x0000000085700000| Untracked 
|  22|0x0000000085800000, 0x0000000085900000, 0x0000000085900000|100%| O|  |TAMS 0x0000000085800000, 0x0000000085800000| Untracked 
|  23|0x0000000085900000, 0x0000000085a00000, 0x0000000085a00000|100%| O|  |TAMS 0x0000000085900000, 0x0000000085900000| Untracked 
|  24|0x0000000085a00000, 0x0000000085b00000, 0x0000000085b00000|100%| O|  |TAMS 0x0000000085a00000, 0x0000000085a00000| Untracked 
|  25|0x0000000085b00000, 0x0000000085c00000, 0x0000000085c00000|100%| O|  |TAMS 0x0000000085b00000, 0x0000000085b00000| Untracked 
|  26|0x0000000085c00000, 0x0000000085d00000, 0x0000000085d00000|100%| O|  |TAMS 0x0000000085c00000, 0x0000000085c00000| Untracked 
|  27|0x0000000085d00000, 0x0000000085e00000, 0x0000000085e00000|100%| O|  |TAMS 0x0000000085d00000, 0x0000000085d00000| Untracked 
|  28|0x0000000085e00000, 0x0000000085f00000, 0x0000000085f00000|100%| O|  |TAMS 0x0000000085e00000, 0x0000000085e00000| Untracked 
|  29|0x0000000085f00000, 0x0000000085fb9e00, 0x0000000086000000| 72%| O|  |TAMS 0x0000000085f00000, 0x0000000085f00000| Untracked 
|  30|0x0000000086000000, 0x0000000086000000, 0x0000000086100000|  0%| F|  |TAMS 0x0000000086000000, 0x0000000086000000| Untracked 
|  31|0x0000000086100000, 0x0000000086100000, 0x0000000086200000|  0%| F|  |TAMS 0x0000000086100000, 0x0000000086100000| Untracked 
|  32|0x0000000086200000, 0x0000000086200000, 0x0000000086300000|  0%| F|  |TAMS 0x0000000086200000, 0x0000000086200000| Untracked 
|  33|0x0000000086300000, 0x0000000086300000, 0x0000000086400000|  0%| F|  |TAMS 0x0000000086300000, 0x0000000086300000| Untracked 
|  34|0x0000000086400000, 0x0000000086400000, 0x0000000086500000|  0%| F|  |TAMS 0x0000000086400000, 0x0000000086400000| Untracked 
|  35|0x0000000086500000, 0x0000000086500000, 0x0000000086600000|  0%| F|  |TAMS 0x0000000086500000, 0x0000000086500000| Untracked 
|  36|0x0000000086600000, 0x0000000086600000, 0x0000000086700000|  0%| F|  |TAMS 0x0000000086600000, 0x0000000086600000| Untracked 
|  37|0x0000000086700000, 0x0000000086700000, 0x0000000086800000|  0%| F|  |TAMS 0x0000000086700000, 0x0000000086700000| Untracked 
|  38|0x0000000086800000, 0x0000000086800000, 0x0000000086900000|  0%| F|  |TAMS 0x0000000086800000, 0x0000000086800000| Untracked 
|  39|0x0000000086900000, 0x0000000086900000, 0x0000000086a00000|  0%| F|  |TAMS 0x0000000086900000, 0x0000000086900000| Untracked 
|  40|0x0000000086a00000, 0x0000000086a00000, 0x0000000086b00000|  0%| F|  |TAMS 0x0000000086a00000, 0x0000000086a00000| Untracked 
|  41|0x0000000086b00000, 0x0000000086b00000, 0x0000000086c00000|  0%| F|  |TAMS 0x0000000086b00000, 0x0000000086b00000| Untracked 
|  42|0x0000000086c00000, 0x0000000086c00000, 0x0000000086d00000|  0%| F|  |TAMS 0x0000000086c00000, 0x0000000086c00000| Untracked 
|  43|0x0000000086d00000, 0x0000000086d00000, 0x0000000086e00000|  0%| F|  |TAMS 0x0000000086d00000, 0x0000000086d00000| Untracked 
|  44|0x0000000086e00000, 0x0000000086e00000, 0x0000000086f00000|  0%| F|  |TAMS 0x0000000086e00000, 0x0000000086e00000| Untracked 
|  45|0x0000000086f00000, 0x0000000086f00000, 0x0000000087000000|  0%| F|  |TAMS 0x0000000086f00000, 0x0000000086f00000| Untracked 
|  46|0x0000000087000000, 0x0000000087036f58, 0x0000000087100000| 21%| S|CS|TAMS 0x0000000087000000, 0x0000000087000000| Complete 
|  47|0x0000000087100000, 0x0000000087200000, 0x0000000087200000|100%| S|CS|TAMS 0x0000000087100000, 0x0000000087100000| Complete 
|  48|0x0000000087200000, 0x0000000087200000, 0x0000000087300000|  0%| F|  |TAMS 0x0000000087200000, 0x0000000087200000| Untracked 
|  49|0x0000000087300000, 0x0000000087300000, 0x0000000087400000|  0%| F|  |TAMS 0x0000000087300000, 0x0000000087300000| Untracked 
|  50|0x0000000087400000, 0x0000000087400000, 0x0000000087500000|  0%| F|  |TAMS 0x0000000087400000, 0x0000000087400000| Untracked 
|  51|0x0000000087500000, 0x0000000087500000, 0x0000000087600000|  0%| F|  |TAMS 0x0000000087500000, 0x0000000087500000| Untracked 
|  52|0x0000000087600000, 0x0000000087600000, 0x0000000087700000|  0%| F|  |TAMS 0x0000000087600000, 0x0000000087600000| Untracked 
|  53|0x0000000087700000, 0x0000000087700000, 0x0000000087800000|  0%| F|  |TAMS 0x0000000087700000, 0x0000000087700000| Untracked 
|  54|0x0000000087800000, 0x0000000087800000, 0x0000000087900000|  0%| F|  |TAMS 0x0000000087800000, 0x0000000087800000| Untracked 
|  55|0x0000000087900000, 0x0000000087900000, 0x0000000087a00000|  0%| F|  |TAMS 0x0000000087900000, 0x0000000087900000| Untracked 
|  56|0x0000000087a00000, 0x0000000087a00000, 0x0000000087b00000|  0%| F|  |TAMS 0x0000000087a00000, 0x0000000087a00000| Untracked 
|  57|0x0000000087b00000, 0x0000000087b00000, 0x0000000087c00000|  0%| F|  |TAMS 0x0000000087b00000, 0x0000000087b00000| Untracked 
|  58|0x0000000087c00000, 0x0000000087c00000, 0x0000000087d00000|  0%| F|  |TAMS 0x0000000087c00000, 0x0000000087c00000| Untracked 
|  59|0x0000000087d00000, 0x0000000087d00000, 0x0000000087e00000|  0%| F|  |TAMS 0x0000000087d00000, 0x0000000087d00000| Untracked 
|  60|0x0000000087e00000, 0x0000000087e00000, 0x0000000087f00000|  0%| F|  |TAMS 0x0000000087e00000, 0x0000000087e00000| Untracked 
|  61|0x0000000087f00000, 0x0000000087f00000, 0x0000000088000000|  0%| F|  |TAMS 0x0000000087f00000, 0x0000000087f00000| Untracked 
|  62|0x0000000088000000, 0x0000000088000000, 0x0000000088100000|  0%| F|  |TAMS 0x0000000088000000, 0x0000000088000000| Untracked 
|  63|0x0000000088100000, 0x0000000088100000, 0x0000000088200000|  0%| F|  |TAMS 0x0000000088100000, 0x0000000088100000| Untracked 
|  64|0x0000000088200000, 0x0000000088200000, 0x0000000088300000|  0%| F|  |TAMS 0x0000000088200000, 0x0000000088200000| Untracked 
|  65|0x0000000088300000, 0x0000000088300000, 0x0000000088400000|  0%| F|  |TAMS 0x0000000088300000, 0x0000000088300000| Untracked 
|  66|0x0000000088400000, 0x0000000088400000, 0x0000000088500000|  0%| F|  |TAMS 0x0000000088400000, 0x0000000088400000| Untracked 
|  67|0x0000000088500000, 0x0000000088500000, 0x0000000088600000|  0%| F|  |TAMS 0x0000000088500000, 0x0000000088500000| Untracked 
|  68|0x0000000088600000, 0x0000000088600000, 0x0000000088700000|  0%| F|  |TAMS 0x0000000088600000, 0x0000000088600000| Untracked 
|  69|0x0000000088700000, 0x00000000887c22c8, 0x0000000088800000| 75%| E|  |TAMS 0x0000000088700000, 0x0000000088700000| Complete 
|  70|0x0000000088800000, 0x0000000088900000, 0x0000000088900000|100%| E|CS|TAMS 0x0000000088800000, 0x0000000088800000| Complete 
|  71|0x0000000088900000, 0x0000000088a00000, 0x0000000088a00000|100%| E|CS|TAMS 0x0000000088900000, 0x0000000088900000| Complete 
|  72|0x0000000088a00000, 0x0000000088b00000, 0x0000000088b00000|100%| E|CS|TAMS 0x0000000088a00000, 0x0000000088a00000| Complete 
|  73|0x0000000088b00000, 0x0000000088c00000, 0x0000000088c00000|100%| E|CS|TAMS 0x0000000088b00000, 0x0000000088b00000| Complete 
|  74|0x0000000088c00000, 0x0000000088d00000, 0x0000000088d00000|100%| E|CS|TAMS 0x0000000088c00000, 0x0000000088c00000| Complete 
|  75|0x0000000088d00000, 0x0000000088e00000, 0x0000000088e00000|100%| E|CS|TAMS 0x0000000088d00000, 0x0000000088d00000| Complete 
|  76|0x0000000088e00000, 0x0000000088f00000, 0x0000000088f00000|100%| E|CS|TAMS 0x0000000088e00000, 0x0000000088e00000| Complete 
|  77|0x0000000088f00000, 0x0000000089000000, 0x0000000089000000|100%| E|CS|TAMS 0x0000000088f00000, 0x0000000088f00000| Complete 
|  78|0x0000000089000000, 0x0000000089100000, 0x0000000089100000|100%| E|CS|TAMS 0x0000000089000000, 0x0000000089000000| Complete 
|  79|0x0000000089100000, 0x0000000089200000, 0x0000000089200000|100%| E|CS|TAMS 0x0000000089100000, 0x0000000089100000| Complete 
|  80|0x0000000089200000, 0x0000000089300000, 0x0000000089300000|100%| E|CS|TAMS 0x0000000089200000, 0x0000000089200000| Complete 
|  81|0x0000000089300000, 0x0000000089400000, 0x0000000089400000|100%| E|CS|TAMS 0x0000000089300000, 0x0000000089300000| Complete 
|  82|0x0000000089400000, 0x0000000089500000, 0x0000000089500000|100%| E|CS|TAMS 0x0000000089400000, 0x0000000089400000| Complete 
|  83|0x0000000089500000, 0x0000000089600000, 0x0000000089600000|100%| E|CS|TAMS 0x0000000089500000, 0x0000000089500000| Complete 
|  84|0x0000000089600000, 0x0000000089700000, 0x0000000089700000|100%| E|CS|TAMS 0x0000000089600000, 0x0000000089600000| Complete 
|  85|0x0000000089700000, 0x0000000089800000, 0x0000000089800000|100%| E|CS|TAMS 0x0000000089700000, 0x0000000089700000| Complete 
|  86|0x0000000089800000, 0x0000000089900000, 0x0000000089900000|100%| E|CS|TAMS 0x0000000089800000, 0x0000000089800000| Complete 
|  87|0x0000000089900000, 0x0000000089a00000, 0x0000000089a00000|100%| E|CS|TAMS 0x0000000089900000, 0x0000000089900000| Complete 
|  89|0x0000000089b00000, 0x0000000089c00000, 0x0000000089c00000|100%| E|CS|TAMS 0x0000000089b00000, 0x0000000089b00000| Complete 
| 123|0x000000008bd00000, 0x000000008be00000, 0x000000008be00000|100%| E|CS|TAMS 0x000000008bd00000, 0x000000008bd00000| Complete 

Card table byte_map: [0x000002b6d2460000,0x000002b6d2840000] _byte_map_base: 0x000002b6d203f000

Marking Bits (Prev, Next): (CMBitMap*) 0x000002b6bb7bd640, (CMBitMap*) 0x000002b6bb7bd600
 Prev Bits: [0x000002b6d4b20000, 0x000002b6d6a18000)
 Next Bits: [0x000002b6d2c20000, 0x000002b6d4b18000)

Polling page: 0x000002b6b9670000

Metaspace:

Usage:
  Non-class:     61.08 MB used.
      Class:      9.30 MB used.
       Both:     70.38 MB used.

Virtual space:
  Non-class space:       64.00 MB reserved,      61.44 MB ( 96%) committed,  1 nodes.
      Class space:        1.00 GB reserved,       9.62 MB ( <1%) committed,  1 nodes.
             Both:        1.06 GB reserved,      71.06 MB (  7%) committed. 

Chunk freelists:
   Non-Class:  2.12 MB
       Class:  2.29 MB
        Both:  4.42 MB

MaxMetaspaceSize: unlimited
CompressedClassSpaceSize: 1.00 GB
Initial GC threshold: 21.00 MB
Current GC threshold: 98.88 MB
CDS: on
MetaspaceReclaimPolicy: balanced
 - commit_granule_bytes: 65536.
 - commit_granule_words: 8192.
 - virtual_space_node_default_size: 8388608.
 - enlarge_chunks_in_place: 1.
 - new_chunks_are_fully_committed: 0.
 - uncommit_free_chunks: 1.
 - use_allocation_guard: 0.


Internal statistics:

num_allocs_failed_limit: 9.
num_arena_births: 966.
num_arena_deaths: 0.
num_vsnodes_births: 2.
num_vsnodes_deaths: 0.
num_space_committed: 1137.
num_space_uncommitted: 0.
num_chunks_returned_to_freelist: 9.
num_chunks_taken_from_freelist: 3462.
num_chunk_merges: 9.
num_chunk_splits: 2530.
num_chunks_enlarged: 2029.
num_inconsistent_stats: 0.

CodeHeap 'non-profiled nmethods': size=120000Kb used=3920Kb max_used=3920Kb free=116079Kb
 bounds [0x000002b6cab50000, 0x000002b6caf30000, 0x000002b6d2080000]
CodeHeap 'profiled nmethods': size=120000Kb used=11989Kb max_used=11989Kb free=108010Kb
 bounds [0x000002b6c3620000, 0x000002b6c41e0000, 0x000002b6cab50000]
CodeHeap 'non-nmethods': size=5760Kb used=1403Kb max_used=1428Kb free=4357Kb
 bounds [0x000002b6c3080000, 0x000002b6c32f0000, 0x000002b6c3620000]
 total_blobs=6657 nmethods=5940 adapters=629
 compilation: enabled
              stopped_count=0, restarted_count=0
 full_count=0

Compilation events (20 events):
Event: 4468.593 Thread 0x000002b6d8ebb790 6749       4       java.util.regex.Pattern$Branch::match (66 bytes)
Event: 4468.596 Thread 0x000002b6d8ebb790 nmethod 6749 0x000002b6caf1fb10 code [0x000002b6caf1fca0, 0x000002b6caf1fe38]
Event: 4468.596 Thread 0x000002b6d8ebb790 6755       4       java.util.regex.Pattern$NotBehind::match (137 bytes)
Event: 4468.596 Thread 0x000002b6dea04870 nmethod 6753 0x000002b6caf1ff90 code [0x000002b6caf20120, 0x000002b6caf207d8]
Event: 4468.597 Thread 0x000002b6dea04870 6751       4       java.util.EnumSet::noneOf (63 bytes)
Event: 4468.600 Thread 0x000002b6d8ecb950 6756       3       java.math.BigInteger::subtract (130 bytes)
Event: 4468.601 Thread 0x000002b6d8ecb950 nmethod 6756 0x000002b6c41c6290 code [0x000002b6c41c6460, 0x000002b6c41c69f8]
Event: 4468.601 Thread 0x000002b6dea04870 nmethod 6751 0x000002b6caf20990 code [0x000002b6caf20b20, 0x000002b6caf20ce8]
Event: 4468.601 Thread 0x000002b6dea04870 6757       4       java.util.LinkedList$ListItr::hasNext (20 bytes)
Event: 4468.602 Thread 0x000002b6dea04870 nmethod 6757 0x000002b6caf20f10 code [0x000002b6caf21080, 0x000002b6caf21118]
Event: 4468.609 Thread 0x000002b6d8ecb950 6758       1       sun.security.ec.ECPublicKeyImpl::getAlgorithm (3 bytes)
Event: 4468.609 Thread 0x000002b6d8ecb950 nmethod 6758 0x000002b6caf21210 code [0x000002b6caf213a0, 0x000002b6caf21478]
Event: 4468.609 Thread 0x000002b6d8ecb950 6759       1       java.net.Socket::isConnected (5 bytes)
Event: 4468.609 Thread 0x000002b6d8ecb950 nmethod 6759 0x000002b6caf21510 code [0x000002b6caf216a0, 0x000002b6caf21778]
Event: 4468.610 Thread 0x000002b6d8ecb950 6760       3       java.math.BigInteger::equals (94 bytes)
Event: 4468.610 Thread 0x000002b6d8ecb950 nmethod 6760 0x000002b6c41c6c90 code [0x000002b6c41c6e80, 0x000002b6c41c7498]
Event: 4468.613 Thread 0x000002b6dea04870 6761       4       java.security.Provider$ServiceKey::hashCode (19 bytes)
Event: 4468.614 Thread 0x000002b6d8ecb950 6762       3       sun.security.provider.SHA5::implReset (20 bytes)
Event: 4468.615 Thread 0x000002b6d8ecb950 nmethod 6762 0x000002b6c41c7610 code [0x000002b6c41c77c0, 0x000002b6c41c7978]
Event: 4468.615 Thread 0x000002b6d8ebb790 nmethod 6755 0x000002b6caf21810 code [0x000002b6caf21a20, 0x000002b6caf225d0]

GC Heap History (20 events):
Event: 3.763 GC heap before
{Heap before GC invocations=7 (full 0):
 garbage-first heap   total 51200K, used 35471K [0x0000000084200000, 0x0000000100000000)
  region size 1024K, 20 young (20480K), 1 survivors (1024K)
 Metaspace       used 28824K, committed 29312K, reserved 1114112K
  class space    used 3592K, committed 3840K, reserved 1048576K
}
Event: 3.765 GC heap after
{Heap after GC invocations=8 (full 0):
 garbage-first heap   total 51200K, used 17938K [0x0000000084200000, 0x0000000100000000)
  region size 1024K, 2 young (2048K), 2 survivors (2048K)
 Metaspace       used 28824K, committed 29312K, reserved 1114112K
  class space    used 3592K, committed 3840K, reserved 1048576K
}
Event: 4.230 GC heap before
{Heap before GC invocations=8 (full 0):
 garbage-first heap   total 51200K, used 37394K [0x0000000084200000, 0x0000000100000000)
  region size 1024K, 21 young (21504K), 2 survivors (2048K)
 Metaspace       used 33367K, committed 33856K, reserved 1114112K
  class space    used 4255K, committed 4480K, reserved 1048576K
}
Event: 4.233 GC heap after
{Heap after GC invocations=9 (full 0):
 garbage-first heap   total 51200K, used 18967K [0x0000000084200000, 0x0000000100000000)
  region size 1024K, 3 young (3072K), 3 survivors (3072K)
 Metaspace       used 33367K, committed 33856K, reserved 1114112K
  class space    used 4255K, committed 4480K, reserved 1048576K
}
Event: 4.420 GC heap before
{Heap before GC invocations=9 (full 0):
 garbage-first heap   total 51200K, used 28183K [0x0000000084200000, 0x0000000100000000)
  region size 1024K, 13 young (13312K), 3 survivors (3072K)
 Metaspace       used 35473K, committed 35968K, reserved 1114112K
  class space    used 4633K, committed 4864K, reserved 1048576K
}
Event: 4.424 GC heap after
{Heap after GC invocations=10 (full 0):
 garbage-first heap   total 51200K, used 19423K [0x0000000084200000, 0x0000000100000000)
  region size 1024K, 2 young (2048K), 2 survivors (2048K)
 Metaspace       used 35473K, committed 35968K, reserved 1114112K
  class space    used 4633K, committed 4864K, reserved 1048576K
}
Event: 5.107 GC heap before
{Heap before GC invocations=11 (full 0):
 garbage-first heap   total 51200K, used 38879K [0x0000000084200000, 0x0000000100000000)
  region size 1024K, 21 young (21504K), 2 survivors (2048K)
 Metaspace       used 44264K, committed 44864K, reserved 1114112K
  class space    used 5657K, committed 5952K, reserved 1048576K
}
Event: 5.112 GC heap after
{Heap after GC invocations=12 (full 0):
 garbage-first heap   total 51200K, used 21353K [0x0000000084200000, 0x0000000100000000)
  region size 1024K, 3 young (3072K), 3 survivors (3072K)
 Metaspace       used 44264K, committed 44864K, reserved 1114112K
  class space    used 5657K, committed 5952K, reserved 1048576K
}
Event: 5.150 GC heap before
{Heap before GC invocations=12 (full 0):
 garbage-first heap   total 51200K, used 22377K [0x0000000084200000, 0x0000000100000000)
  region size 1024K, 4 young (4096K), 3 survivors (3072K)
 Metaspace       used 44459K, committed 45056K, reserved 1114112K
  class space    used 5699K, committed 6016K, reserved 1048576K
}
Event: 5.154 GC heap after
{Heap after GC invocations=13 (full 0):
 garbage-first heap   total 51200K, used 21315K [0x0000000084200000, 0x0000000100000000)
  region size 1024K, 1 young (1024K), 1 survivors (1024K)
 Metaspace       used 44459K, committed 45056K, reserved 1114112K
  class space    used 5699K, committed 6016K, reserved 1048576K
}
Event: 5.481 GC heap before
{Heap before GC invocations=13 (full 0):
 garbage-first heap   total 51200K, used 37699K [0x0000000084200000, 0x0000000100000000)
  region size 1024K, 18 young (18432K), 1 survivors (1024K)
 Metaspace       used 47273K, committed 47872K, reserved 1114112K
  class space    used 6042K, committed 6336K, reserved 1048576K
}
Event: 5.484 GC heap after
{Heap after GC invocations=14 (full 0):
 garbage-first heap   total 93184K, used 21898K [0x0000000084200000, 0x0000000100000000)
  region size 1024K, 1 young (1024K), 1 survivors (1024K)
 Metaspace       used 47273K, committed 47872K, reserved 1114112K
  class space    used 6042K, committed 6336K, reserved 1048576K
}
Event: 6.565 GC heap before
{Heap before GC invocations=14 (full 0):
 garbage-first heap   total 93184K, used 69002K [0x0000000084200000, 0x0000000100000000)
  region size 1024K, 49 young (50176K), 1 survivors (1024K)
 Metaspace       used 59918K, committed 60480K, reserved 1114112K
  class space    used 7845K, committed 8128K, reserved 1048576K
}
Event: 6.571 GC heap after
{Heap after GC invocations=15 (full 0):
 garbage-first heap   total 93184K, used 24701K [0x0000000084200000, 0x0000000100000000)
  region size 1024K, 4 young (4096K), 4 survivors (4096K)
 Metaspace       used 59918K, committed 60480K, reserved 1114112K
  class space    used 7845K, committed 8128K, reserved 1048576K
}
Event: 29.824 GC heap before
{Heap before GC invocations=16 (full 0):
 garbage-first heap   total 92160K, used 73853K [0x0000000084200000, 0x0000000100000000)
  region size 1024K, 52 young (53248K), 4 survivors (4096K)
 Metaspace       used 67399K, committed 68096K, reserved 1114112K
  class space    used 8941K, committed 9280K, reserved 1048576K
}
Event: 29.834 GC heap after
{Heap after GC invocations=17 (full 0):
 garbage-first heap   total 92160K, used 29486K [0x0000000084200000, 0x0000000100000000)
  region size 1024K, 7 young (7168K), 7 survivors (7168K)
 Metaspace       used 67399K, committed 68096K, reserved 1114112K
  class space    used 8941K, committed 9280K, reserved 1048576K
}
Event: 29.854 GC heap before
{Heap before GC invocations=17 (full 0):
 garbage-first heap   total 92160K, used 30510K [0x0000000084200000, 0x0000000100000000)
  region size 1024K, 8 young (8192K), 7 survivors (7168K)
 Metaspace       used 67650K, committed 68288K, reserved 1114112K
  class space    used 8973K, committed 9280K, reserved 1048576K
}
Event: 29.860 GC heap after
{Heap after GC invocations=18 (full 0):
 garbage-first heap   total 92160K, used 30439K [0x0000000084200000, 0x0000000100000000)
  region size 1024K, 1 young (1024K), 1 survivors (1024K)
 Metaspace       used 67650K, committed 68288K, reserved 1114112K
  class space    used 8973K, committed 9280K, reserved 1048576K
}
Event: 833.048 GC heap before
{Heap before GC invocations=18 (full 0):
 garbage-first heap   total 92160K, used 71399K [0x0000000084200000, 0x0000000100000000)
  region size 1024K, 42 young (43008K), 1 survivors (1024K)
 Metaspace       used 71954K, committed 72640K, reserved 1114112K
  class space    used 9515K, committed 9856K, reserved 1048576K
}
Event: 833.051 GC heap after
{Heap after GC invocations=19 (full 0):
 garbage-first heap   total 92160K, used 30659K [0x0000000084200000, 0x0000000100000000)
  region size 1024K, 2 young (2048K), 2 survivors (2048K)
 Metaspace       used 71954K, committed 72640K, reserved 1114112K
  class space    used 9515K, committed 9856K, reserved 1048576K
}

Deoptimization events (20 events):
Event: 316.557 Thread 0x000002b6df7753a0 DEOPT PACKING pc=0x000002b6caeec484 sp=0x000000bcabefeed0
Event: 316.557 Thread 0x000002b6df7753a0 DEOPT UNPACKING pc=0x000002b6c30d5c23 sp=0x000000bcabefee90 mode 2
Event: 338.046 Thread 0x000002b6dd635e40 Uncommon trap: trap_request=0xffffffde fr.pc=0x000002b6caeb4580 relative=0x0000000000000a20
Event: 338.046 Thread 0x000002b6dd635e40 Uncommon trap: reason=class_check action=maybe_recompile pc=0x000002b6caeb4580 method=org.springframework.core.annotation.AnnotatedElementUtils.getAnnotationAttributes(Lorg/springframework/core/annotation/MergedAnnotation;ZZ)Lorg/springframework/core/anno
Event: 338.046 Thread 0x000002b6dd635e40 DEOPT PACKING pc=0x000002b6caeb4580 sp=0x000000bcac9fd060
Event: 338.046 Thread 0x000002b6dd635e40 DEOPT UNPACKING pc=0x000002b6c30d5c23 sp=0x000000bcac9fceb0 mode 2
Event: 338.094 Thread 0x000002b6dd635e40 Uncommon trap: trap_request=0xffffff45 fr.pc=0x000002b6caedcc4c relative=0x000000000000012c
Event: 338.094 Thread 0x000002b6dd635e40 Uncommon trap: reason=unstable_if action=reinterpret pc=0x000002b6caedcc4c method=org.springframework.web.util.HtmlCharacterEntityReferences.convertToReference(CLjava/lang/String;)Ljava/lang/String; @ 135 c2
Event: 338.094 Thread 0x000002b6dd635e40 DEOPT PACKING pc=0x000002b6caedcc4c sp=0x000000bcac9fdd30
Event: 338.094 Thread 0x000002b6dd635e40 DEOPT UNPACKING pc=0x000002b6c30d5c23 sp=0x000000bcac9fdcc0 mode 2
Event: 444.271 Thread 0x000002b6df7753a0 Uncommon trap: trap_request=0xffffff45 fr.pc=0x000002b6caf043bc relative=0x000000000000055c
Event: 444.271 Thread 0x000002b6df7753a0 Uncommon trap: reason=unstable_if action=reinterpret pc=0x000002b6caf043bc method=org.springframework.boot.devtools.filewatch.FileSnapshot.equals(Ljava/lang/Object;)Z @ 93 c2
Event: 444.271 Thread 0x000002b6df7753a0 DEOPT PACKING pc=0x000002b6caf043bc sp=0x000000bcabefeed0
Event: 444.271 Thread 0x000002b6df7753a0 DEOPT UNPACKING pc=0x000002b6c30d5c23 sp=0x000000bcabefee90 mode 2
Event: 925.303 Thread 0x000002b6df7736c0 DEOPT PACKING pc=0x000002b6c3fe5b42 sp=0x000000bcac2fbbf0
Event: 925.303 Thread 0x000002b6df7736c0 DEOPT UNPACKING pc=0x000002b6c30d6763 sp=0x000000bcac2fb0b0 mode 0
Event: 4467.794 Thread 0x000002b6df774ed0 Uncommon trap: trap_request=0xffffff45 fr.pc=0x000002b6cab6a4a8 relative=0x0000000000000128
Event: 4467.794 Thread 0x000002b6df774ed0 Uncommon trap: reason=unstable_if action=reinterpret pc=0x000002b6cab6a4a8 method=java.lang.StringCoding.hasNegatives([BII)Z @ 12 c2
Event: 4467.794 Thread 0x000002b6df774ed0 DEOPT PACKING pc=0x000002b6cab6a4a8 sp=0x000000bcabcfeb00
Event: 4467.814 Thread 0x000002b6df774ed0 DEOPT UNPACKING pc=0x000002b6c30d5c23 sp=0x000000bcabcfea90 mode 2

Classes loaded (20 events):
Event: 29.980 Loading class java/util/OptionalDouble
Event: 29.980 Loading class java/util/OptionalDouble done
Event: 29.991 Loading class java/util/AbstractMap$SimpleEntry
Event: 29.991 Loading class java/util/AbstractMap$SimpleEntry done
Event: 30.012 Loading class java/util/stream/LongStream
Event: 30.012 Loading class java/util/stream/LongStream done
Event: 30.012 Loading class java/util/stream/DoubleStream
Event: 30.012 Loading class java/util/stream/DoubleStream done
Event: 333.500 Loading class java/util/concurrent/locks/ReentrantReadWriteLock$Sync$HoldCounter
Event: 333.501 Loading class java/util/concurrent/locks/ReentrantReadWriteLock$Sync$HoldCounter done
Event: 928.615 Loading class java/lang/invoke/MethodHandleImpl$CountingWrapper$1
Event: 928.619 Loading class java/lang/invoke/MethodHandleImpl$CountingWrapper$1 done
Event: 4468.229 Loading class sun/security/ssl/Alert
Event: 4468.262 Loading class sun/security/ssl/Alert done
Event: 4468.276 Loading class sun/security/ssl/Alert$AlertConsumer
Event: 4468.499 Loading class sun/security/ssl/Alert$AlertConsumer done
Event: 4468.499 Loading class sun/security/ssl/Alert$Level
Event: 4468.500 Loading class sun/security/ssl/Alert$Level done
Event: 4468.507 Loading class sun/net/ConnectionResetException
Event: 4468.509 Loading class sun/net/ConnectionResetException done

Classes unloaded (0 events):
No events

Classes redefined (0 events):
No events

Internal exceptions (20 events):
Event: 6.715 Thread 0x000002b6ddc64320 Exception <a 'java/lang/IncompatibleClassChangeError'{0x0000000089624498}: Found class java.lang.Object, but interface was expected> (0x0000000089624498) 
thrown [s\open\src\hotspot\share\interpreter\linkResolver.cpp, line 826]
Event: 6.774 Thread 0x000002b6ddc64320 Exception <a 'java/lang/NoSuchMethodError'{0x00000000895c37b0}: 'java.lang.Object java.lang.invoke.DirectMethodHandle$Holder.invokeStatic(java.lang.Object, int, java.lang.Object)'> (0x00000000895c37b0) 
thrown [s\open\src\hotspot\share\interpreter\linkResolver.cpp, line 759]
Event: 6.894 Thread 0x000002b6ddc64320 Exception <a 'java/lang/NoSuchMethodError'{0x0000000089010400}: 'java.lang.Object java.lang.invoke.DirectMethodHandle$Holder.newInvokeSpecial(java.lang.Object, java.lang.Object, java.lang.Object, java.lang.Object, java.lang.Object, java.lang.Object, java.lang.Object, java.lang.Object)'> (0x0000000089010400) 
thrown [s\open\src\hotspot\share\interpreter\linkResolver.cpp, line 759]
Event: 7.121 Thread 0x000002b6ddc64320 Exception <a 'sun/nio/fs/WindowsException'{0x00000000889217c8}> (0x00000000889217c8) 
thrown [s\open\src\hotspot\share\prims\jni.cpp, line 516]
Event: 7.187 Thread 0x000002b6ddc64320 Exception <a 'java/lang/IncompatibleClassChangeError'{0x0000000088796c68}: Found class java.lang.Object, but interface was expected> (0x0000000088796c68) 
thrown [s\open\src\hotspot\share\interpreter\linkResolver.cpp, line 826]
Event: 7.236 Thread 0x000002b6ddc64320 Exception <a 'java/lang/NoSuchMethodError'{0x000000008854f700}: 'void java.lang.invoke.DirectMethodHandle$Holder.invokeVirtual(java.lang.Object, java.lang.Object, long)'> (0x000000008854f700) 
thrown [s\open\src\hotspot\share\interpreter\linkResolver.cpp, line 759]
Event: 7.293 Thread 0x000002b6ddc64320 Exception <a 'java/lang/NoSuchMethodError'{0x00000000883a5d68}: 'int java.lang.invoke.DirectMethodHandle$Holder.invokeStaticInit(java.lang.Object, java.lang.Object, java.lang.Object, java.lang.Object)'> (0x00000000883a5d68) 
thrown [s\open\src\hotspot\share\interpreter\linkResolver.cpp, line 759]
Event: 7.391 Thread 0x000002b6ddc64320 Exception <a 'java/lang/IncompatibleClassChangeError'{0x00000000880fd518}: Found class java.lang.Object, but interface was expected> (0x00000000880fd518) 
thrown [s\open\src\hotspot\share\interpreter\linkResolver.cpp, line 826]
Event: 7.403 Thread 0x000002b6ddc64320 Implicit null exception at 0x000002b6cac852da to 0x000002b6cac85508
Event: 7.433 Thread 0x000002b6ddc64320 Exception <a 'java/lang/NoSuchMethodError'{0x0000000087e5b948}: 'java.lang.Object java.lang.invoke.DirectMethodHandle$Holder.invokeSpecial(java.lang.Object, java.lang.Object, java.lang.Object, java.lang.Object, java.lang.Object, java.lang.Object, java.lang.Object, java.lang.Object, java.lang.Object, java.lang.Object, java.lang.Object)'> (0x0000000087e5b948) 
thrown [s\open\src\hotspot\share\interpreter\linkResolver.cpp, line 759]
Event: 7.433 Thread 0x000002b6ddc64320 Exception <a 'java/lang/NoSuchMethodError'{0x0000000087e5fd38}: 'java.lang.Object java.lang.invoke.Invokers$Holder.invoke_MT(java.lang.Object, java.lang.Object, java.lang.Object, java.lang.Object, java.lang.Object, java.lang.Object, java.lang.Object, java.lang.Object, java.lang.Object, java.lang.Object, java.lang.Object)'> (0x0000000087e5fd38) 
thrown [s\open\src\hotspot\share\interpreter\linkResolver.cpp, line 759]
Event: 7.560 Thread 0x000002b6ddc64320 Exception <a 'java/lang/NoSuchMethodError'{0x0000000087a17838}: 'java.lang.Object java.lang.invoke.DirectMethodHandle$Holder.newInvokeSpecial(java.lang.Object, java.lang.Object, int, java.lang.Object, java.lang.Object)'> (0x0000000087a17838) 
thrown [s\open\src\hotspot\share\interpreter\linkResolver.cpp, line 759]
Event: 28.065 Thread 0x000002b6df7731f0 Exception <a 'java/lang/NoSuchMethodError'{0x0000000087490e00}: 'java.lang.Object java.lang.invoke.DirectMethodHandle$Holder.invokeSpecial(java.lang.Object, java.lang.Object, java.lang.Object, java.lang.Object, java.lang.Object, long)'> (0x0000000087490e00) 
thrown [s\open\src\hotspot\share\interpreter\linkResolver.cpp, line 759]
Event: 28.065 Thread 0x000002b6df7731f0 Exception <a 'java/lang/NoSuchMethodError'{0x0000000087494800}: 'java.lang.Object java.lang.invoke.Invokers$Holder.linkToTargetMethod(java.lang.Object, java.lang.Object, java.lang.Object, long, java.lang.Object)'> (0x0000000087494800) 
thrown [s\open\src\hotspot\share\interpreter\linkResolver.cpp, line 759]
Event: 28.144 Thread 0x000002b6df7731f0 Exception <a 'java/lang/NoSuchMethodError'{0x000000008724cec8}: 'java.lang.Object java.lang.invoke.DirectMethodHandle$Holder.invokeStatic(java.lang.Object, int, int)'> (0x000000008724cec8) 
thrown [s\open\src\hotspot\share\interpreter\linkResolver.cpp, line 759]
Event: 106.211 Thread 0x000002b6dd635e40 Exception <a 'java/lang/NoSuchMethodError'{0x0000000088e569a0}: 'java.lang.Object java.lang.invoke.DirectMethodHandle$Holder.invokeInterface(java.lang.Object, java.lang.Object, java.lang.Object, java.lang.Object)'> (0x0000000088e569a0) 
thrown [s\open\src\hotspot\share\interpreter\linkResolver.cpp, line 759]
Event: 106.221 Thread 0x000002b6dd635e40 Exception <a 'java/lang/IncompatibleClassChangeError'{0x0000000088ed78f8}: Found class java.lang.Object, but interface was expected> (0x0000000088ed78f8) 
thrown [s\open\src\hotspot\share\interpreter\linkResolver.cpp, line 826]
Event: 338.077 Thread 0x000002b6dd635e40 Exception <a 'java/lang/NoSuchMethodError'{0x0000000088107498}: 'java.lang.Object java.lang.invoke.Invokers$Holder.invoke_MT(java.lang.Object, java.lang.Object, java.lang.Object, java.lang.Object, java.lang.Object, java.lang.Object, java.lang.Object, java.lang.Object, java.lang.Object)'> (0x0000000088107498) 
thrown [s\open\src\hotspot\share\interpreter\linkResolver.cpp, line 759]
Event: 4468.503 Thread 0x000002b6dd6302d0 Exception <a 'java/io/IOException'{0x000000008886d630}> (0x000000008886d630) 
thrown [s\open\src\hotspot\share\prims\jni.cpp, line 516]
Event: 4468.506 Thread 0x000002b6dd6302d0 Exception <a 'java/io/IOException'{0x000000008886e170}> (0x000000008886e170) 
thrown [s\open\src\hotspot\share\prims\jni.cpp, line 516]

VM Operations (20 events):
Event: 808.871 Executing VM operation: Cleanup
Event: 808.871 Executing VM operation: Cleanup done
Event: 833.048 Executing VM operation: G1CollectForAllocation
Event: 833.051 Executing VM operation: G1CollectForAllocation done
Event: 923.130 Executing VM operation: HandshakeAllThreads
Event: 923.130 Executing VM operation: HandshakeAllThreads done
Event: 923.130 Executing VM operation: Cleanup
Event: 923.130 Executing VM operation: Cleanup done
Event: 924.135 Executing VM operation: Cleanup
Event: 924.135 Executing VM operation: Cleanup done
Event: 926.154 Executing VM operation: Cleanup
Event: 926.154 Executing VM operation: Cleanup done
Event: 929.180 Executing VM operation: Cleanup
Event: 929.180 Executing VM operation: Cleanup done
Event: 937.256 Executing VM operation: Cleanup
Event: 937.256 Executing VM operation: Cleanup done
Event: 1376.484 Executing VM operation: Cleanup
Event: 1376.485 Executing VM operation: Cleanup done
Event: 3448.617 Executing VM operation: Cleanup
Event: 3448.617 Executing VM operation: Cleanup done

Events (20 events):
Event: 7.574 Thread 0x000002b6dd635e40 Thread added: 0x000002b6dd635e40
Event: 7.590 Thread 0x000002b6dd6307a0 Thread added: 0x000002b6dd6307a0
Event: 7.592 Thread 0x000002b6dd631fb0 Thread added: 0x000002b6dd631fb0
Event: 7.625 Thread 0x000002b6ddc64320 Thread exited: 0x000002b6ddc64320
Event: 7.627 Thread 0x000002b6ddc63e60 Thread exited: 0x000002b6ddc63e60
Event: 7.628 Thread 0x000002b6bb75dd90 Thread exited: 0x000002b6bb75dd90
Event: 7.628 Thread 0x000002b6dd630c70 Thread added: 0x000002b6dd630c70
Event: 8.535 Thread 0x000002b6dd7239f0 Thread exited: 0x000002b6dd7239f0
Event: 10.677 Thread 0x000002b6df772d20 Thread exited: 0x000002b6df772d20
Event: 28.099 Thread 0x000002b6dd7239f0 Thread added: 0x000002b6dd7239f0
Event: 29.665 Thread 0x000002b6dd7239f0 Thread exited: 0x000002b6dd7239f0
Event: 29.897 Thread 0x000002b6e11e7fd0 Thread added: 0x000002b6e11e7fd0
Event: 30.514 Thread 0x000002b6e11e7fd0 Thread exited: 0x000002b6e11e7fd0
Event: 923.133 Thread 0x000002b6d8edd5e0 flushing nmethod 0x000002b6c3770b90
Event: 923.133 Thread 0x000002b6d8edd5e0 flushing nmethod 0x000002b6c37a7390
Event: 923.133 Thread 0x000002b6d8edd5e0 flushing nmethod 0x000002b6c37deb90
Event: 923.139 Thread 0x000002b6d8edd5e0 flushing nmethod 0x000002b6c3dba110
Event: 4468.057 Thread 0x000002b6dd6302d0 Thread added: 0x000002b6dd6302d0
Event: 4468.515 Thread 0x000002b6dd637180 Thread added: 0x000002b6dd637180
Event: 4468.583 Thread 0x000002b6dea04870 Thread added: 0x000002b6dea04870


Dynamic libraries:
0x00007ff61dfb0000 - 0x00007ff61dfc0000 	C:\Program Files\Java\jdk-18.0.2.1\bin\javaw.exe
0x00007ff9c6430000 - 0x00007ff9c6647000 	C:\WINDOWS\SYSTEM32\ntdll.dll
0x00007ff9c4550000 - 0x00007ff9c4614000 	C:\WINDOWS\System32\KERNEL32.DLL
0x00007ff9c3cf0000 - 0x00007ff9c40aa000 	C:\WINDOWS\System32\KERNELBASE.dll
0x00007ff9c3bd0000 - 0x00007ff9c3ce1000 	C:\WINDOWS\System32\ucrtbase.dll
0x00007ff9bc920000 - 0x00007ff9bc938000 	C:\Program Files\Java\jdk-18.0.2.1\bin\jli.dll
0x00007ff9c2250000 - 0x00007ff9c226a000 	C:\Program Files\Java\jdk-18.0.2.1\bin\VCRUNTIME140.dll
0x00007ff9c5af0000 - 0x00007ff9c5ba2000 	C:\WINDOWS\System32\ADVAPI32.dll
0x00007ff9c62e0000 - 0x00007ff9c6387000 	C:\WINDOWS\System32\msvcrt.dll
0x00007ff9c60c0000 - 0x00007ff9c6167000 	C:\WINDOWS\System32\sechost.dll
0x00007ff9c3700000 - 0x00007ff9c3728000 	C:\WINDOWS\System32\bcrypt.dll
0x00007ff9c4130000 - 0x00007ff9c4244000 	C:\WINDOWS\System32\RPCRT4.dll
0x00007ff9c43a0000 - 0x00007ff9c454e000 	C:\WINDOWS\System32\USER32.dll
0x00007ff9c3a30000 - 0x00007ff9c3a56000 	C:\WINDOWS\System32\win32u.dll
0x00007ff9c5ac0000 - 0x00007ff9c5ae9000 	C:\WINDOWS\System32\GDI32.dll
0x00007ff9c37d0000 - 0x00007ff9c38eb000 	C:\WINDOWS\System32\gdi32full.dll
0x00007ff9c3730000 - 0x00007ff9c37ca000 	C:\WINDOWS\System32\msvcp_win.dll
0x00007ff9c29e0000 - 0x00007ff9c2c72000 	C:\WINDOWS\WinSxS\amd64_microsoft.windows.common-controls_6595b64144ccf1df_6.0.22621.4541_none_2710d1c57384c085\COMCTL32.dll
0x00007ff9c1d10000 - 0x00007ff9c1d1a000 	C:\WINDOWS\SYSTEM32\VERSION.dll
0x00007ff9c4b30000 - 0x00007ff9c4b61000 	C:\WINDOWS\System32\IMM32.DLL
0x00007ff9c2f30000 - 0x00007ff9c2f3c000 	C:\Program Files\Java\jdk-18.0.2.1\bin\vcruntime140_1.dll
0x00007ff9adcc0000 - 0x00007ff9add4d000 	C:\Program Files\Java\jdk-18.0.2.1\bin\msvcp140.dll
0x00007ff96f890000 - 0x00007ff9704a1000 	C:\Program Files\Java\jdk-18.0.2.1\bin\server\jvm.dll
0x00007ff9c62d0000 - 0x00007ff9c62d8000 	C:\WINDOWS\System32\PSAPI.DLL
0x00007ff98f830000 - 0x00007ff98f839000 	C:\WINDOWS\SYSTEM32\WSOCK32.dll
0x00007ff9c4270000 - 0x00007ff9c42e1000 	C:\WINDOWS\System32\WS2_32.dll
0x00007ff9b94e0000 - 0x00007ff9b9514000 	C:\WINDOWS\SYSTEM32\WINMM.dll
0x00007ff9c17d0000 - 0x00007ff9c17e8000 	C:\WINDOWS\SYSTEM32\kernel.appcore.dll
0x00007ff9c26c0000 - 0x00007ff9c26ca000 	C:\Program Files\Java\jdk-18.0.2.1\bin\jimage.dll
0x00007ff9c30e0000 - 0x00007ff9c3312000 	C:\WINDOWS\SYSTEM32\DBGHELP.DLL
0x00007ff9c53f0000 - 0x00007ff9c577f000 	C:\WINDOWS\System32\combase.dll
0x00007ff9c6170000 - 0x00007ff9c6247000 	C:\WINDOWS\System32\OLEAUT32.dll
0x00007ff9c2ed0000 - 0x00007ff9c2f02000 	C:\WINDOWS\SYSTEM32\dbgcore.DLL
0x00007ff9c40b0000 - 0x00007ff9c412b000 	C:\WINDOWS\System32\bcryptPrimitives.dll
0x00007ff9ba120000 - 0x00007ff9ba145000 	C:\Program Files\Java\jdk-18.0.2.1\bin\java.dll
0x00007ff9a89c0000 - 0x00007ff9a8a96000 	C:\Program Files\Java\jdk-18.0.2.1\bin\jsvml.dll
0x00007ff9c4b70000 - 0x00007ff9c53e8000 	C:\WINDOWS\System32\SHELL32.dll
0x00007ff9c06c0000 - 0x00007ff9c0fc8000 	C:\WINDOWS\SYSTEM32\windows.storage.dll
0x00007ff9c0580000 - 0x00007ff9c06bf000 	C:\WINDOWS\SYSTEM32\wintypes.dll
0x00007ff9c5bb0000 - 0x00007ff9c5caa000 	C:\WINDOWS\System32\SHCORE.dll
0x00007ff9c6250000 - 0x00007ff9c62ae000 	C:\WINDOWS\System32\shlwapi.dll
0x00007ff9c3630000 - 0x00007ff9c365b000 	C:\WINDOWS\SYSTEM32\profapi.dll
0x00007ff9b1c90000 - 0x00007ff9b1ca3000 	C:\Program Files\Java\jdk-18.0.2.1\bin\net.dll
0x00007ff9bc7d0000 - 0x00007ff9bc906000 	C:\WINDOWS\SYSTEM32\WINHTTP.dll
0x00007ff9c1bd0000 - 0x00007ff9c1c39000 	C:\WINDOWS\system32\mswsock.dll
0x00007ff9b1c30000 - 0x00007ff9b1c46000 	C:\Program Files\Java\jdk-18.0.2.1\bin\nio.dll
0x00007ff9b1ac0000 - 0x00007ff9b1ad8000 	C:\Program Files\Java\jdk-18.0.2.1\bin\zip.dll
0x00007ff9c26b0000 - 0x00007ff9c26b9000 	C:\Program Files\Java\jdk-18.0.2.1\bin\management.dll
0x00007ff9c26a0000 - 0x00007ff9c26ab000 	C:\Program Files\Java\jdk-18.0.2.1\bin\management_ext.dll
0x00007ff9c2430000 - 0x00007ff9c243e000 	C:\Program Files\Java\jdk-18.0.2.1\bin\sunmscapi.dll
0x00007ff9c3a60000 - 0x00007ff9c3bc6000 	C:\WINDOWS\System32\CRYPT32.dll
0x00007ff9c28c0000 - 0x00007ff9c28ed000 	C:\WINDOWS\SYSTEM32\ncrypt.dll
0x00007ff9c2880000 - 0x00007ff9c28b7000 	C:\WINDOWS\SYSTEM32\NTASN1.dll
0x00007ff9c3320000 - 0x00007ff9c333b000 	C:\WINDOWS\SYSTEM32\CRYPTSP.dll
0x00007ff9c1730000 - 0x00007ff9c1765000 	C:\WINDOWS\system32\rsaenh.dll
0x00007ff9c1ce0000 - 0x00007ff9c1d08000 	C:\WINDOWS\SYSTEM32\USERENV.dll
0x00007ff9c1eb0000 - 0x00007ff9c1ebc000 	C:\WINDOWS\SYSTEM32\CRYPTBASE.dll
0x00007ff9c1230000 - 0x00007ff9c125d000 	C:\WINDOWS\SYSTEM32\IPHLPAPI.DLL
0x00007ff9c60b0000 - 0x00007ff9c60b9000 	C:\WINDOWS\System32\NSI.dll
0x00007ff9b9410000 - 0x00007ff9b9429000 	C:\WINDOWS\SYSTEM32\dhcpcsvc6.DLL
0x00007ff9b93f0000 - 0x00007ff9b940f000 	C:\WINDOWS\SYSTEM32\dhcpcsvc.DLL
0x00007ff9c1260000 - 0x00007ff9c1362000 	C:\WINDOWS\SYSTEM32\DNSAPI.dll
0x00007ff9c2680000 - 0x00007ff9c2690000 	C:\Program Files\Java\jdk-18.0.2.1\bin\verify.dll
0x00007ff9b2c70000 - 0x00007ff9b2c7a000 	C:\Windows\System32\rasadhlp.dll
0x00007ff9b2b20000 - 0x00007ff9b2ba3000 	C:\WINDOWS\System32\fwpuclnt.dll

dbghelp: loaded successfully - version: 4.0.5 - missing functions: none
symbol engine: initialized successfully - sym options: 0x614 - pdb path: .;C:\Program Files\Java\jdk-18.0.2.1\bin;C:\WINDOWS\SYSTEM32;C:\WINDOWS\WinSxS\amd64_microsoft.windows.common-controls_6595b64144ccf1df_6.0.22621.4541_none_2710d1c57384c085;C:\Program Files\Java\jdk-18.0.2.1\bin\server

VM Arguments:
jvm_args: -Dfile.encoding=UTF-8 -XX:+ShowCodeDetailsInExceptionMessages 
java_command: com.example.kushi.KushiApplication
java_class_path (initial): C:\Users\ankep\Downloads\kushi\kushi\target\classes;C:\Users\ankep\.m2\repository\org\springframework\boot\spring-boot-starter-data-jpa\3.4.0\spring-boot-starter-data-jpa-3.4.0.jar;C:\Users\ankep\.m2\repository\org\springframework\boot\spring-boot-starter\3.4.0\spring-boot-starter-3.4.0.jar;C:\Users\ankep\.m2\repository\org\springframework\boot\spring-boot-starter-logging\3.4.0\spring-boot-starter-logging-3.4.0.jar;C:\Users\ankep\.m2\repository\ch\qos\logback\logback-classic\1.5.12\logback-classic-1.5.12.jar;C:\Users\ankep\.m2\repository\ch\qos\logback\logback-core\1.5.12\logback-core-1.5.12.jar;C:\Users\ankep\.m2\repository\org\apache\logging\log4j\log4j-to-slf4j\2.24.1\log4j-to-slf4j-2.24.1.jar;C:\Users\ankep\.m2\repository\org\apache\logging\log4j\log4j-api\2.24.1\log4j-api-2.24.1.jar;C:\Users\ankep\.m2\repository\org\slf4j\jul-to-slf4j\2.0.16\jul-to-slf4j-2.0.16.jar;C:\Users\ankep\.m2\repository\jakarta\annotation\jakarta.annotation-api\2.1.1\jakarta.annotation-api-2.1.1.jar;C:\Users\ankep\.m2\repository\org\yaml\snakeyaml\2.3\snakeyaml-2.3.jar;C:\Users\ankep\.m2\repository\org\springframework\boot\spring-boot-starter-jdbc\3.4.0\spring-boot-starter-jdbc-3.4.0.jar;C:\Users\ankep\.m2\repository\com\zaxxer\HikariCP\5.1.0\HikariCP-5.1.0.jar;C:\Users\ankep\.m2\repository\org\springframework\spring-jdbc\6.2.0\spring-jdbc-6.2.0.jar;C:\Users\ankep\.m2\repository\org\hibernate\orm\hibernate-core\6.6.2.Final\hibernate-core-6.6.2.Final.jar;C:\Users\ankep\.m2\repository\jakarta\persistence\jakarta.persistence-api\3.1.0\jakarta.persistence-api-3.1.0.jar;C:\Users\ankep\.m2\repository\jakarta\transaction\jakarta.transaction-api\2.0.1\jakarta.transaction-api-2.0.1.jar;C:\Users\ankep\.m2\repository\org\jboss\logging\jboss-logging\3.6.1.Final\jboss-logging-3.6.1.Final.jar;C:\Users\ankep\.m2\repository\org\hibernate\common\hibernate-commons-annotations\7.0.3.Final\hibernate-commons-annotations-7.0.3.Final.jar;C:\Users\ankep\.m2\repository\io\smallrye\jandex\3.2.0\jandex-3.2.0.jar;C:\Users\ankep\.m2\repository\com\fasterxml\classmate\1.7.0\classmate-1.7.0.jar;C:\Users\ankep\.m2\repository\net\bytebuddy\byte-buddy\1.15.10\byte-buddy-1.15.10.jar;C:\Users\ankep\.m2\repository\org\glassfish\jaxb\jaxb-runtime\4.0.5\jaxb-runtime-4.0.5.jar;C:\Users\ankep\.m2\repository\org\glassfish\jaxb\jaxb-core\4.0.5\jaxb-core-4.0.5.jar;C:\Users\ankep\.m2\repository\org\eclipse\angus\angus-activation\2.0.2\angus-activation-2.0.2.jar;C:\Users\ankep\.m2\repository\org\glassfish\jaxb\txw2\4.0.5\txw2-4.0.5.jar;C:\Users\ankep\.m2\repository\com\sun\istack\istack-commons-runtime\4.1.2\istack-commons-runtime-4.1.2.jar;C:\Users\ankep\.m2\repository\jakarta\inject\jakarta.inject-api\2.0.1\jakarta.inject-api-2.0.1.jar;C:\Users\ankep\.m2\repository\org\antlr\antlr4-runtime\4.13.0\antlr4-runtime-4.13.0.jar;C:\Users\ankep\.m2\repository\org\springframework\data\spring-data-jpa\3.4.0\spring-data-jpa-3.4.0.jar;C:\Users\ankep\.m2\repository\org\springframework\data\spring-data-commons\3.4.0\spring-data-commons-3.4.0.jar;C:\Users\ankep\.m2\repository\org\springframework\spring-orm\6.2.0\spring-orm-6.2.0.jar;C:\Users\ankep\.m2\repository\org\springframework\spring-context\6.2.0\spring-context-6.2.0.jar;C:\Users\ankep\.m2\repository\org\springframework\spring-aop\6.2.0\spring-aop-6.2.0.jar;C:\Users\ankep\.m2\repository\org\springframework\spring-tx\6.2.0\spring-tx-6.2.0.jar;C:\Users\ankep\.m2\repository\org\springframework\spring-beans\6.2.0\spring-beans-6.2.0.jar;C:\Users\ankep\.m2\repository\org\springframework\spring-aspects\6.2.0\spring-aspects-6.2.0.jar;C:\Users\ankep\.m2\repository\org\aspectj\aspectjweaver\1.9.22.1\aspectjweaver-1.9.22.1.jar;C:\Users\ankep\.m2\repository\org\springframework\boot\spring-boot-starter-thymeleaf\3.4.0\spring-boot-starter-thymeleaf-3.4.0.jar;C:\Users\ankep\.m2\repository\org\thymeleaf\thymeleaf-spring6\3.1.2.RELEASE\thymeleaf-spring6-3.1.2.RELEASE.jar;C:\Users\ankep\.m2\repository\org\thymeleaf\thymeleaf\3.1.2.RELEASE\thymeleaf-3.1.2.RELEASE.jar;C:\Users\ankep\.m2\repository\org\attoparser\attoparser\2.0.7.RELEASE\attoparser-2.0.7.RELEASE.jar;C:\Users\ankep\.m2\repository\org\unbescape\unbescape\1.1.6.RELEASE\unbescape-1.1.6.RELEASE.jar;C:\Users\ankep\.m2\repository\org\springframework\boot\spring-boot-starter-web\3.4.0\spring-boot-starter-web-3.4.0.jar;C:\Users\ankep\.m2\repository\org\springframework\boot\spring-boot-starter-json\3.4.0\spring-boot-starter-json-3.4.0.jar;C:\Users\ankep\.m2\repository\com\fasterxml\jackson\core\jackson-databind\2.18.1\jackson-databind-2.18.1.jar;C:\Users\ankep\.m2\repository\com\fasterxml\jackson\core\jackson-annotations\2.18.1\jackson-annotations-2.18.1.jar;C:\Users\ankep\.m2\repository\com\fasterxml\jackson\core\jackson-core\2.18.1\jackson-core-2.18.1.jar;C:\Users\ankep\.m2\repository\com\fasterxml\jackson\datatype\jackson-datatype-jdk8\2.18.1\jackson-datatype-jdk8-2.18.1.jar;C:\Users\ankep\.m2\repository\com\fasterxml\jackson\datatype\jackson-datatype-jsr310\2.18.1\jackson-datatype-jsr310-2.18.1.jar;C:\Users\ankep\.m2\repository\com\fasterxml\jackson\module\jackson-module-parameter-names\2.18.1\jackson-module-parameter-names-2.18.1.jar;C:\Users\ankep\.m2\repository\org\springframework\boot\spring-boot-starter-tomcat\3.4.0\spring-boot-starter-tomcat-3.4.0.jar;C:\Users\ankep\.m2\repository\org\apache\tomcat\embed\tomcat-embed-core\10.1.33\tomcat-embed-core-10.1.33.jar;C:\Users\ankep\.m2\repository\org\apache\tomcat\embed\tomcat-embed-el\10.1.33\tomcat-embed-el-10.1.33.jar;C:\Users\ankep\.m2\repository\org\apache\tomcat\embed\tomcat-embed-websocket\10.1.33\tomcat-embed-websocket-10.1.33.jar;C:\Users\ankep\.m2\repository\org\springframework\spring-web\6.2.0\spring-web-6.2.0.jar;C:\Users\ankep\.m2\repository\io\micrometer\micrometer-observation\1.14.1\micrometer-observation-1.14.1.jar;C:\Users\ankep\.m2\repository\io\micrometer\micrometer-commons\1.14.1\micrometer-commons-1.14.1.jar;C:\Users\ankep\.m2\repository\org\springframework\spring-webmvc\6.2.0\spring-webmvc-6.2.0.jar;C:\Users\ankep\.m2\repository\org\springframework\spring-expression\6.2.0\spring-expression-6.2.0.jar;C:\Users\ankep\.m2\repository\org\thymeleaf\extras\thymeleaf-extras-springsecurity6\3.1.2.RELEASE\thymeleaf-extras-springsecurity6-3.1.2.RELEASE.jar;C:\Users\ankep\.m2\repository\org\slf4j\slf4j-api\2.0.16\slf4j-api-2.0.16.jar;C:\Users\ankep\.m2\repository\org\springframework\boot\spring-boot-devtools\3.4.0\spring-boot-devtools-3.4.0.jar;C:\Users\ankep\.m2\repository\org\springframework\boot\spring-boot\3.4.0\spring-boot-3.4.0.jar;C:\Users\ankep\.m2\repository\org\springframework\boot\spring-boot-autoconfigure\3.4.0\spring-boot-autoconfigure-3.4.0.jar;C:\Users\ankep\.m2\repository\com\mysql\mysql-connector-j\8.0.32\mysql-connector-j-8.0.32.jar;C:\Users\ankep\.m2\repository\org\projectlombok\lombok\1.18.36\lombok-1.18.36.jar;C:\Users\ankep\.m2\repository\jakarta\xml\bind\jakarta.xml.bind-api\4.0.2\jakarta.xml.bind-api-4.0.2.jar;C:\Users\ankep\.m2\repository\jakarta\activation\jakarta.activation-api\2.1.3\jakarta.activation-api-2.1.3.jar;C:\Users\ankep\.m2\repository\org\springframework\spring-core\6.2.0\spring-core-6.2.0.jar;C:\Users\ankep\.m2\repository\org\springframework\spring-jcl\6.2.0\spring-jcl-6.2.0.jar
Launcher Type: SUN_STANDARD

[Global flags]
     intx CICompilerCount                          = 3                                         {product} {ergonomic}
     uint ConcGCThreads                            = 1                                         {product} {ergonomic}
     uint G1ConcRefinementThreads                  = 4                                         {product} {ergonomic}
   size_t G1HeapRegionSize                         = 1048576                                   {product} {ergonomic}
    uintx GCDrainStackTargetSize                   = 64                                        {product} {ergonomic}
   size_t InitialHeapSize                          = 130023424                                 {product} {ergonomic}
   size_t MarkStackSize                            = 4194304                                   {product} {ergonomic}
   size_t MaxHeapSize                              = 2078277632                                {product} {ergonomic}
   size_t MaxNewSize                               = 1246756864                                {product} {ergonomic}
   size_t MinHeapDeltaBytes                        = 1048576                                   {product} {ergonomic}
   size_t MinHeapSize                              = 8388608                                   {product} {ergonomic}
    uintx NonNMethodCodeHeapSize                   = 5832780                                {pd product} {ergonomic}
    uintx NonProfiledCodeHeapSize                  = 122912730                              {pd product} {ergonomic}
    uintx ProfiledCodeHeapSize                     = 122912730                              {pd product} {ergonomic}
    uintx ReservedCodeCacheSize                    = 251658240                              {pd product} {ergonomic}
     bool SegmentedCodeCache                       = true                                      {product} {ergonomic}
     bool ShowCodeDetailsInExceptionMessages       = true                                   {manageable} {command line}
   size_t SoftMaxHeapSize                          = 2078277632                             {manageable} {ergonomic}
     bool UseCompressedClassPointers               = true                           {product lp64_product} {ergonomic}
     bool UseCompressedOops                        = true                           {product lp64_product} {ergonomic}
     bool UseG1GC                                  = true                                      {product} {ergonomic}
     bool UseLargePagesIndividualAllocation        = false                                  {pd product} {ergonomic}

Logging:
Log output configuration:
 #0: stdout all=warning uptime,level,tags foldmultilines=false
 #1: stderr all=off uptime,level,tags foldmultilines=false

Environment Variables:
PATH=C:\Users\ankep\Downloads\WINDOWS.X64_193000_db_home\bin;C:\Program Files\Common Files\Oracle\Java\javapath;C:\WINDOWS\system32;C:\WINDOWS;C:\WINDOWS\System32\Wbem;C:\WINDOWS\System32\WindowsPowerShell\v1.0\;C:\WINDOWS\System32\OpenSSH\;C:\Program Files\dotnet\;C:\Program Files\Java\jdk-18.0.2.1\bin;C:\Program Files\Git\cmd;C:\Program Files\apache-maven-4.0.0-alpha-3-bin\apache-maven-4.0.0-alpha-3-bin\apache-maven-4.0.0-alpha-3\bin;C:\Program Files\PuTTY\;search-ms:displayname=Search%20Results%20in%20Downloads&crumb=location:C%3A%5CUsers%5Cankep%5CDownloads\sts-4.18.1.RELEASE;C:\Program Files\MySQL\MySQL Server 8.0\bin;D:\;C:\Program Files\MySQL\MySQL Shell 8.0\bin\;C:\Users\ankep\AppData\Local\Microsoft\WindowsApps;C:\Users\ankep\AppData\Local\Programs\Microsoft VS Code\bin;C:\Users\ankep\Downloads\javaclass\node_modules\@angular\cli\bin;C:\flutter\bin;C:\Users\ankep\AppData\Roaming\npm
USERNAME=ankep
OS=Windows_NT
PROCESSOR_IDENTIFIER=Intel64 Family 6 Model 140 Stepping 1, GenuineIntel



---------------  S Y S T E M  ---------------

OS:
 Windows 11 , 64 bit Build 22621 (10.0.22621.4391)
OS uptime: 13 days 1:43 hours
Hyper-V role detected

CPU: total 4 (initial active 4) (2 cores per cpu, 2 threads per core) family 6 model 140 stepping 1 microcode 0xb8, cx8, cmov, fxsr, ht, mmx, 3dnowpref, sse, sse2, sse3, ssse3, sse4.1, sse4.2, popcnt, lzcnt, tsc, tscinvbit, avx, avx2, aes, erms, clmul, bmi1, bmi2, adx, avx512f, avx512dq, avx512cd, avx512bw, avx512vl, sha, fma, vzeroupper, avx512_vpopcntdq, avx512_vpclmulqdq, avx512_vaes, avx512_vnni, clflush, clflushopt, clwb, avx512_vbmi2, avx512_vbmi, hv

Memory: 4k page, system-wide physical 7926M (578M free)
TotalPageFile size 16768M (AvailPageFile size 0M)
current process WorkingSet (physical memory assigned to process): 144M, peak: 285M
current process commit charge ("private bytes"): 286M, peak: 316M

vm_info: Java HotSpot(TM) 64-Bit Server VM (18.0.2.1+1-1) for windows-amd64 JRE (18.0.2.1+1-1), built on Aug 16 2022 01:46:33 by "mach5one" with MS VC++ 16.8 / 16.9 (VS2019)

END.
